ScopeSigMgr:loadpffile /home/sssundar/cs181a/lab/final/MAGIC/ProgramCounter/smallestTest.tr0 1 openonly
# PF:1
wm geometry .sigmgr 467x236+416+199
wm geometry .sigmgr 467x236+418+199
wm geometry .sigmgr 467x236+422+199
wm geometry .sigmgr 467x236+425+201
wm geometry .sigmgr 467x236+431+202
wm geometry .sigmgr 467x236+440+202
wm geometry .sigmgr 467x236+453+202
wm geometry .sigmgr 467x236+467+202
wm geometry .sigmgr 467x236+490+202
wm geometry .sigmgr 467x236+515+202
wm geometry .sigmgr 467x236+542+197
wm geometry .sigmgr 467x236+569+192
wm geometry .sigmgr 467x236+592+187
wm geometry .sigmgr 467x236+609+182
wm geometry .sigmgr 467x236+622+177
wm geometry .sigmgr 467x236+633+172
wm geometry .sigmgr 467x236+638+172
wm geometry .sigmgr 467x236+639+172
wm geometry .sigmgr 467x236+639+171
wm geometry .sigmgr 467x236+640+171
wm geometry .sigmgr 467x236+641+171
pf:read PF:1 v(chainstart) v(finaloutput)
# WF:1:1 WF:1:2
Graph addsignal {WF:1:1 WF:1:2} -region {new new} -yview {real(y) real(y)} -xview {real(x) real(x)} -tracehi {2 2}
# Signal0 Signal1
wm geometry .sigmgr 467x236+650+179
Mdi:Move 211 18
Graph axisconfig {AxisY(0,0) AxisY(1,0) AxisX(0)} -range {{0.313 0.676 } {-0.005 0.49 } {9.9n 19.8n }}
Graph axisconfig {AxisY(0,0) AxisY(1,0) AxisX(0)} -range {{0.432 0.564 } {0.064 0.328 } {6.6n 13.2n }}
Graph:Select Graph0
Graph axisconfig {AxisX(0) AxisY(0,0) AxisY(1,0)} -range {all all all} -zoomed {0 0 0}
Graph:DSel
Graph axisconfig AxisX(0) -rang {4.9n 5.5n exact} -gridvis n -label t(s) -scale lin -unitscale auto
Graph axisconfig AxisX(0) -rang {4.9n 5.05n exact} -gridvis n -label t(s) -scale lin -unitscale auto
Graph axisconfig AxisX(0) -rang {4.9n 5.2n exact} -gridvis n -label t(s) -scale lin -unitscale auto
Graph:Select Graph0
Graph:DSel
Graph axisconfig {AxisY(1,0) AxisX(0)} -range {{0.11305794681988 0.36090241737061} {4.98173705503n 5.04694116616n}}
Graph axisconfig {AxisY(1,0) AxisX(0)} -scale {{linear} {linear}} -gridvis {{no} {no}} -linticks {{} {}} -logticks {{} {1 1}} -subticks {{0} {0}} -label {{(V)} {t(s)}} -digiview {{} {}} -lock {{no} {no}} -slider {{no} {no}} -range {{-0.021353298798203 0.99880385398865} {4.9n 5.2n exact}} -unitscale {{auto} {auto}}
GrMeas:DeltaX Graph0 Signal1 Signal1 0 {- {} - {}} Signal xyrangeVisible {{5}  {-}  {1}  {20}  {No}  {No}  {50}  {10}  {auto}  {Parameter}} 1 0 activeGraph 0 - 1
# M:0
Graph:DSel
GrMeas:Select Graph0 M:0 0
GrMeas:MoveDiffAnc2 Graph0 M:0 0 4.8999998471156n 785.72006379292u
GrMeas:MoveDiffAnc1 Graph0 M:0 0 5.0618500582275n 0.9876625603407
.frame1.mdi.mdi1.work.graph0 save -file /home/sssundar/cs181a/lab/final/MAGIC/ProgramCounter/smallestDelay162ps.png -format png  -x 0 -y 0 -w 488 -h 368 -colormode color
